\BOOKMARK [1][-]{section.1}{Dostupnost ako bezpecnostn\375 atrib\372t}{}% 1
\BOOKMARK [2][-]{subsection.1.1}{Kl\372cov\375 zabezpecovatelia dostupnosti}{section.1}% 2
\BOOKMARK [2][-]{subsection.1.2}{D\364vody viktimiz\341cie prev\341dzkovatelov}{section.1}% 3
\BOOKMARK [3][-]{subsubsection.1.2.1}{Te\363ria rutinn\375ch aktiv\355t}{subsection.1.2}% 4
\BOOKMARK [3][-]{subsubsection.1.2.2}{Psychologick\341 predetermin\341cia \372tocn\355ka}{subsection.1.2}% 5
\BOOKMARK [1][-]{section.2}{Anat\363mia \372tokov Denial of Service}{}% 6
\BOOKMARK [2][-]{subsection.2.1}{Botnet}{section.2}% 7
\BOOKMARK [3][-]{subsubsection.2.1.1}{Komunik\341cia s botmi}{subsection.2.1}% 8
\BOOKMARK [3][-]{subsubsection.2.1.2}{\227\355renie replik\341ciou \235kodliv\351ho k\363du}{subsection.2.1}% 9
\BOOKMARK [2][-]{subsection.2.2}{Klasifik\341cia typov DDoS \372tokov}{section.2}% 10
\BOOKMARK [2][-]{subsection.2.3}{Ochrana spevnen\355m sietovej ochrany}{section.2}% 11
\BOOKMARK [3][-]{subsubsection.2.3.1}{Remotely Triggered Black Hole}{subsection.2.3}% 12
\BOOKMARK [3][-]{subsubsection.2.3.2}{IP Spoofing}{subsection.2.3}% 13
\BOOKMARK [3][-]{subsubsection.2.3.3}{Rate limiting a Firewall na Linuxe}{subsection.2.3}% 14
\BOOKMARK [1][-]{section.3}{\227k\341lovanie webov\375ch aplik\341ci\355}{}% 15
\BOOKMARK [2][-]{subsection.3.1}{Redundancia ni\236\235\355ch vrstv\341ch RM OSI}{section.3}% 16
\BOOKMARK [2][-]{subsection.3.2}{Vysok\341 dostupnost klastra}{section.3}% 17
\BOOKMARK [2][-]{subsection.3.3}{Reverzn\351 proxy na vyva\236ovanie z\341ta\236e}{section.3}% 18
\BOOKMARK [3][-]{subsubsection.3.3.1}{HAProxy}{subsection.3.3}% 19
\BOOKMARK [3][-]{subsubsection.3.3.2}{Nginx}{subsection.3.3}% 20
\BOOKMARK [2][-]{subsection.3.4}{Algoritmy vyva\236ovania z\341ta\236e}{section.3}% 21
\BOOKMARK [1][-]{section.4}{Monitorovanie webovej aplik\341cie}{}% 22
\BOOKMARK [2][-]{subsection.4.1}{HTTP hlavicky}{section.4}% 23
\BOOKMARK [2][-]{subsection.4.2}{Metriky}{section.4}% 24
\BOOKMARK [2][-]{subsection.4.3}{Zabbix}{section.4}% 25
\BOOKMARK [2][-]{subsection.4.4}{Simul\341cie \372tokov a z\341ta\236ov\351 testy}{section.4}% 26
